<?xml version="1.0" encoding="UTF-8"?>
<testsuite name="Scenario: Enter sdk" tests="7" skipped="0" failures="0" errors="0" timestamp="2015-10-25T04:18:27" hostname="schrodinger" time="0.215">
  <properties/>
  <testcase name="Given the internet is reachable" classname="Scenario: Enter sdk" time="0.0"/>
  <testcase name="And an initialised environment" classname="Scenario: Enter sdk" time="0.0"/>
  <testcase name="And the system is bootstrapped" classname="Scenario: Enter sdk" time="0.001"/>
  <testcase name="When I enter &quot;sdk&quot;" classname="Scenario: Enter sdk" time="0.0"/>
  <testcase name="Then I see &quot;Usage: sdk &lt;command&gt; [candidate] [version]&quot;" classname="Scenario: Enter sdk" time="0.0"/>
  <testcase name="And I see &quot;sdk offline &lt;enable|disable&gt;&quot;" classname="Scenario: Enter sdk" time="0.0"/>
  <testcase name="classMethod" classname="Scenario: Enter sdk" time="0.256"/>
  <system-out><![CDATA[]]></system-out>
  <system-err><![CDATA[]]></system-err>
</testsuite>
