<?xml version="1.0" encoding="UTF-8"?>
<testsuite name="Scenario: Display outdated candidate versions when none is specified and one is in use" tests="9" skipped="0" failures="0" errors="0" timestamp="2015-10-25T04:18:49" hostname="schrodinger" time="0.217">
  <properties/>
  <testcase name="Given the internet is reachable" classname="Scenario: Display outdated candidate versions when none is specified and one is in use" time="0.0"/>
  <testcase name="And an initialised environment" classname="Scenario: Display outdated candidate versions when none is specified and one is in use" time="0.0"/>
  <testcase name="Given the candidate &quot;grails&quot; version &quot;1.3.9&quot; is already installed and default" classname="Scenario: Display outdated candidate versions when none is specified and one is in use" time="0.0"/>
  <testcase name="And the default &quot;grails&quot; candidate is &quot;2.4.4&quot;" classname="Scenario: Display outdated candidate versions when none is specified and one is in use" time="0.0"/>
  <testcase name="And the system is bootstrapped" classname="Scenario: Display outdated candidate versions when none is specified and one is in use" time="0.0"/>
  <testcase name="When I enter &quot;sdk outdated&quot;" classname="Scenario: Display outdated candidate versions when none is specified and one is in use" time="0.0"/>
  <testcase name="Then I see &quot;Outdated:&quot;" classname="Scenario: Display outdated candidate versions when none is specified and one is in use" time="0.0"/>
  <testcase name="And I see &quot;grails (1.3.9 &lt; 2.4.4)&quot;" classname="Scenario: Display outdated candidate versions when none is specified and one is in use" time="0.0"/>
  <testcase name="classMethod" classname="Scenario: Display outdated candidate versions when none is specified and one is in use" time="0.233"/>
  <system-out><![CDATA[
  Scenario: Display outdated candidate versions when none is specified and none is in use ?[90m# outdated_candidate.feature:28?[0m
    ?[32mGiven ?[0m?[32mthe candidate "?[0m?[32m?[1mgrails?[0m?[32m" does not exist locally?[0m                                   ?[90m# installation_steps.groovy:44?[0m
    ?[32mAnd ?[0m?[32mthe system is bootstrapped?[0m                                                        ?[90m# initialisation_steps.groovy:115?[0m
    ?[32mWhen ?[0m?[32mI enter "?[0m?[32m?[1msdk outdated?[0m?[32m"?[0m                                                           ?[90m# command_line_interop_steps.groovy:5?[0m
    ?[32mThen ?[0m?[32mI see "?[0m?[32m?[1mNo candidates are in use?[0m?[32m"?[0m                                                 ?[90m# command_line_interop_steps.groovy:15?[0m
]]></system-out>
  <system-err><![CDATA[]]></system-err>
</testsuite>
