<?xml version="1.0" encoding="UTF-8"?>
<testsuite name="Scenario: List candidate versions not found while Offline" tests="7" skipped="0" failures="0" errors="0" timestamp="2015-10-25T04:18:44" hostname="schrodinger" time="0.208">
  <properties/>
  <testcase name="Given the internet is not reachable" classname="Scenario: List candidate versions not found while Offline" time="0.0"/>
  <testcase name="And an initialised environment" classname="Scenario: List candidate versions not found while Offline" time="0.0"/>
  <testcase name="Given the system is bootstrapped" classname="Scenario: List candidate versions not found while Offline" time="0.0"/>
  <testcase name="When I enter &quot;sdk list grails&quot;" classname="Scenario: List candidate versions not found while Offline" time="0.0"/>
  <testcase name="Then I see &quot;Offline Mode: only showing installed grails versions&quot;" classname="Scenario: List candidate versions not found while Offline" time="0.0"/>
  <testcase name="And I see &quot;None installed!&quot;" classname="Scenario: List candidate versions not found while Offline" time="0.0"/>
  <testcase name="classMethod" classname="Scenario: List candidate versions not found while Offline" time="0.211"/>
  <system-out><![CDATA[
  # list command
  Scenario: List candidate versions found while Offline                             ?[90m# offline_mode.feature:9?[0m
    ?[32mGiven ?[0m?[32mthe candidate "?[0m?[32m?[1mgrails?[0m?[32m" version "?[0m?[32m?[1m2.1.0?[0m?[32m" is already installed and default?[0m   ?[90m# installation_steps.groovy:22?[0m
    ?[32mAnd ?[0m?[32mthe candidate "?[0m?[32m?[1mgrails?[0m?[32m" version "?[0m?[32m?[1m1.3.9?[0m?[32m" is already installed but not default?[0m ?[90m# installation_steps.groovy:35?[0m
    ?[32mAnd ?[0m?[32mthe system is bootstrapped?[0m                                                  ?[90m# initialisation_steps.groovy:115?[0m
    ?[32mWhen ?[0m?[32mI enter "?[0m?[32m?[1msdk list grails?[0m?[32m"?[0m                                                  ?[90m# command_line_interop_steps.groovy:5?[0m
    ?[32mThen ?[0m?[32mI see "?[0m?[32m?[1mOffline Mode: only showing installed grails versions?[0m?[32m"?[0m               ?[90m# command_line_interop_steps.groovy:15?[0m
    ?[32mAnd ?[0m?[32mI see "?[0m?[32m?[1m> 2.1.0?[0m?[32m"?[0m                                                             ?[90m# command_line_interop_steps.groovy:15?[0m
    ?[32mAnd ?[0m?[32mI see "?[0m?[32m?[1m* 1.3.9?[0m?[32m"?[0m                                                             ?[90m# command_line_interop_steps.groovy:15?[0m
]]></system-out>
  <system-err><![CDATA[]]></system-err>
</testsuite>
