<?xml version="1.0" encoding="UTF-8"?>
<testsuite name="Scenario: Install a new local development version" tests="9" skipped="0" failures="0" errors="0" timestamp="2015-10-25T04:18:39" hostname="schrodinger" time="0.218">
  <properties/>
  <testcase name="Given the internet is reachable" classname="Scenario: Install a new local development version" time="0.0"/>
  <testcase name="And an initialised environment" classname="Scenario: Install a new local development version" time="0.0"/>
  <testcase name="Given the candidate &quot;groovy&quot; version &quot;2.1-SNAPSHOT&quot; is not available for download" classname="Scenario: Install a new local development version" time="0.001"/>
  <testcase name="And I have a local candidate &quot;groovy&quot; version &quot;2.1-SNAPSHOT&quot; at &quot;/tmp/groovy-core&quot;" classname="Scenario: Install a new local development version" time="0.0"/>
  <testcase name="And the system is bootstrapped" classname="Scenario: Install a new local development version" time="0.0"/>
  <testcase name="When I enter &quot;sdk install groovy 2.1-SNAPSHOT /tmp/groovy-core&quot;" classname="Scenario: Install a new local development version" time="0.0"/>
  <testcase name="Then I see &quot;Linking groovy 2.1-SNAPSHOT to /tmp/groovy-core&quot;" classname="Scenario: Install a new local development version" time="0.0"/>
  <testcase name="And the candidate &quot;groovy&quot; version &quot;2.1-SNAPSHOT&quot; is linked to &quot;/tmp/groovy-core&quot;" classname="Scenario: Install a new local development version" time="0.0"/>
  <testcase name="classMethod" classname="Scenario: Install a new local development version" time="0.238"/>
  <system-out><![CDATA[]]></system-out>
  <system-err><![CDATA[]]></system-err>
</testsuite>
