<?xml version="1.0" encoding="UTF-8"?>
<testsuite name="Scenario: List candidate versions found while Offline" tests="10" skipped="0" failures="0" errors="0" timestamp="2015-10-25T04:18:44" hostname="schrodinger" time="0.208">
  <properties/>
  <testcase name="Given the internet is not reachable" classname="Scenario: List candidate versions found while Offline" time="0.0"/>
  <testcase name="And an initialised environment" classname="Scenario: List candidate versions found while Offline" time="0.0"/>
  <testcase name="Given the candidate &quot;grails&quot; version &quot;2.1.0&quot; is already installed and default" classname="Scenario: List candidate versions found while Offline" time="0.0"/>
  <testcase name="And the candidate &quot;grails&quot; version &quot;1.3.9&quot; is already installed but not default" classname="Scenario: List candidate versions found while Offline" time="0.0"/>
  <testcase name="And the system is bootstrapped" classname="Scenario: List candidate versions found while Offline" time="0.0"/>
  <testcase name="When I enter &quot;sdk list grails&quot;" classname="Scenario: List candidate versions found while Offline" time="0.0"/>
  <testcase name="Then I see &quot;Offline Mode: only showing installed grails versions&quot;" classname="Scenario: List candidate versions found while Offline" time="0.0"/>
  <testcase name="And I see &quot;&gt; 2.1.0&quot;" classname="Scenario: List candidate versions found while Offline" time="0.0"/>
  <testcase name="And I see &quot;* 1.3.9&quot;" classname="Scenario: List candidate versions found while Offline" time="0.0"/>
  <testcase name="classMethod" classname="Scenario: List candidate versions found while Offline" time="0.211"/>
  <system-out><![CDATA[]]></system-out>
  <system-err><![CDATA[]]></system-err>
</testsuite>
