<?xml version="1.0" encoding="UTF-8"?>
<testsuite name="Scenario: Uninstall a candidate version that is not installed while Offline" tests="7" skipped="0" failures="0" errors="0" timestamp="2015-10-25T04:18:46" hostname="schrodinger" time="0.205">
  <properties/>
  <testcase name="Given the internet is not reachable" classname="Scenario: Uninstall a candidate version that is not installed while Offline" time="0.0"/>
  <testcase name="And an initialised environment" classname="Scenario: Uninstall a candidate version that is not installed while Offline" time="0.0"/>
  <testcase name="Given the candidate &quot;grails&quot; version &quot;2.1.0&quot; is not installed" classname="Scenario: Uninstall a candidate version that is not installed while Offline" time="0.0"/>
  <testcase name="And the system is bootstrapped" classname="Scenario: Uninstall a candidate version that is not installed while Offline" time="0.0"/>
  <testcase name="When I enter &quot;sdk uninstall grails 2.1.0&quot;" classname="Scenario: Uninstall a candidate version that is not installed while Offline" time="0.0"/>
  <testcase name="Then I see &quot;grails 2.1.0 is not installed.&quot;" classname="Scenario: Uninstall a candidate version that is not installed while Offline" time="0.001"/>
  <testcase name="classMethod" classname="Scenario: Uninstall a candidate version that is not installed while Offline" time="0.207"/>
  <system-out><![CDATA[
  # uninstall command
  Scenario: Uninstall a candidate version while Offline                           ?[90m# offline_mode.feature:95?[0m
    ?[32mGiven ?[0m?[32mthe candidate "?[0m?[32m?[1mgrails?[0m?[32m" version "?[0m?[32m?[1m2.1.0?[0m?[32m" is already installed and default?[0m ?[90m# installation_steps.groovy:22?[0m
    ?[32mAnd ?[0m?[32mthe system is bootstrapped?[0m                                                ?[90m# initialisation_steps.groovy:115?[0m
    ?[32mWhen ?[0m?[32mI enter "?[0m?[32m?[1msdk uninstall grails 2.1.0?[0m?[32m"?[0m                                     ?[90m# command_line_interop_steps.groovy:5?[0m
    ?[32mThen ?[0m?[32mI see "?[0m?[32m?[1mUnselecting grails 2.1.0...?[0m?[32m"?[0m                                      ?[90m# command_line_interop_steps.groovy:15?[0m
    ?[32mAnd ?[0m?[32mI see "?[0m?[32m?[1mUninstalling grails 2.1.0...?[0m?[32m"?[0m                                      ?[90m# command_line_interop_steps.groovy:15?[0m
    ?[32mAnd ?[0m?[32mthe candidate "?[0m?[32m?[1mgrails?[0m?[32m" version "?[0m?[32m?[1m2.1.0?[0m?[32m" is not in use?[0m                      ?[90m# use_steps.groovy:16?[0m
    ?[32mAnd ?[0m?[32mthe candidate "?[0m?[32m?[1mgrails?[0m?[32m" version "?[0m?[32m?[1m2.1.0?[0m?[32m" is not installed?[0m                   ?[90m# installation_steps.groovy:16?[0m
]]></system-out>
  <system-err><![CDATA[]]></system-err>
</testsuite>
