<?xml version="1.0" encoding="UTF-8"?>
<testsuite name="Scenario: Attempt uninstalling a Candidate Version that is not installed" tests="7" skipped="0" failures="0" errors="0" timestamp="2015-10-25T04:18:53" hostname="schrodinger" time="0.206">
  <properties/>
  <testcase name="Given the internet is reachable" classname="Scenario: Attempt uninstalling a Candidate Version that is not installed" time="0.0"/>
  <testcase name="And an initialised environment" classname="Scenario: Attempt uninstalling a Candidate Version that is not installed" time="0.0"/>
  <testcase name="Given the candidate &quot;grails&quot; version &quot;1.3.9&quot; is not installed" classname="Scenario: Attempt uninstalling a Candidate Version that is not installed" time="0.0"/>
  <testcase name="And the system is bootstrapped" classname="Scenario: Attempt uninstalling a Candidate Version that is not installed" time="0.0"/>
  <testcase name="When I enter &quot;sdk uninstall grails 1.3.9&quot;" classname="Scenario: Attempt uninstalling a Candidate Version that is not installed" time="0.0"/>
  <testcase name="Then I see &quot;grails 1.3.9 is not installed.&quot;" classname="Scenario: Attempt uninstalling a Candidate Version that is not installed" time="0.0"/>
  <testcase name="classMethod" classname="Scenario: Attempt uninstalling a Candidate Version that is not installed" time="0.221"/>
  <system-out><![CDATA[
  Scenario: Uninstall a Candidate Version in use                                  ?[90m# uninstall_candidate.feature:15?[0m
    ?[32mGiven ?[0m?[32mthe candidate "?[0m?[32m?[1mgrails?[0m?[32m" version "?[0m?[32m?[1m2.1.0?[0m?[32m" is already installed and default?[0m ?[90m# installation_steps.groovy:22?[0m
    ?[32mAnd ?[0m?[32mthe system is bootstrapped?[0m                                                ?[90m# initialisation_steps.groovy:115?[0m
    ?[32mWhen ?[0m?[32mI enter "?[0m?[32m?[1msdk uninstall grails 2.1.0?[0m?[32m"?[0m                                     ?[90m# command_line_interop_steps.groovy:5?[0m
    ?[32mThen ?[0m?[32mI see "?[0m?[32m?[1mUnselecting grails 2.1.0?[0m?[32m"?[0m                                         ?[90m# command_line_interop_steps.groovy:15?[0m
    ?[32mAnd ?[0m?[32mI see "?[0m?[32m?[1mUninstalling grails 2.1.0?[0m?[32m"?[0m                                         ?[90m# command_line_interop_steps.groovy:15?[0m
    ?[32mAnd ?[0m?[32mthe candidate "?[0m?[32m?[1mgrails?[0m?[32m" version "?[0m?[32m?[1m2.1.0?[0m?[32m" is not installed?[0m                   ?[90m# installation_steps.groovy:16?[0m
    ?[32mAnd ?[0m?[32mthe candidate "?[0m?[32m?[1mgrails?[0m?[32m" is no longer selected?[0m                              ?[90m# use_steps.groovy:42?[0m
]]></system-out>
  <system-err><![CDATA[]]></system-err>
</testsuite>
