<?xml version="1.0" encoding="UTF-8"?>
<testsuite name="Scenario: Enable Offline Mode with internet reachable" tests="9" skipped="0" failures="0" errors="0" timestamp="2015-10-25T04:18:32" hostname="schrodinger" time="0.307">
  <properties/>
  <testcase name="Given offline mode is disabled with reachable internet" classname="Scenario: Enable Offline Mode with internet reachable" time="0.0"/>
  <testcase name="And an initialised environment" classname="Scenario: Enable Offline Mode with internet reachable" time="0.0"/>
  <testcase name="And the system is bootstrapped" classname="Scenario: Enable Offline Mode with internet reachable" time="0.0"/>
  <testcase name="When I enter &quot;sdk offline enable&quot;" classname="Scenario: Enable Offline Mode with internet reachable" time="0.0"/>
  <testcase name="Then I see &quot;Forced offline mode enabled.&quot;" classname="Scenario: Enable Offline Mode with internet reachable" time="0.0"/>
  <testcase name="And I do not see &quot;OFFLINE MODE ENABLED!&quot;" classname="Scenario: Enable Offline Mode with internet reachable" time="0.0"/>
  <testcase name="When I enter &quot;sdk install grails 2.1.0&quot;" classname="Scenario: Enable Offline Mode with internet reachable" time="0.0"/>
  <testcase name="Then I see &quot;Stop! grails 2.1.0 is not available in offline mode.&quot;" classname="Scenario: Enable Offline Mode with internet reachable" time="0.0"/>
  <testcase name="classMethod" classname="Scenario: Enable Offline Mode with internet reachable" time="0.316"/>
  <system-out><![CDATA[
  Scenario: Issue Offline command without qualification    ?[90m# forced_offline_mode.feature:12?[0m
    ?[32mGiven ?[0m?[32moffline mode is disabled with reachable internet?[0m ?[90m# initialisation_steps.groovy:54?[0m
    ?[32mAnd ?[0m?[32man initialised environment?[0m                         ?[90m# initialisation_steps.groovy:79?[0m
    ?[32mAnd ?[0m?[32mthe system is bootstrapped?[0m                         ?[90m# initialisation_steps.groovy:115?[0m
    ?[32mWhen ?[0m?[32mI enter "?[0m?[32m?[1msdk offline?[0m?[32m"?[0m                             ?[90m# command_line_interop_steps.groovy:5?[0m
    ?[32mThen ?[0m?[32mI see "?[0m?[32m?[1mStop! Specify a valid offline mode.?[0m?[32m"?[0m       ?[90m# command_line_interop_steps.groovy:15?[0m
]]></system-out>
  <system-err><![CDATA[]]></system-err>
</testsuite>
