<?xml version="1.0" encoding="UTF-8"?>
<testsuite name="Scenario: Use a candidate version that is installed" tests="11" skipped="0" failures="0" errors="0" timestamp="2015-10-25T04:18:54" hostname="schrodinger" time="0.315">
  <properties/>
  <testcase name="Given the internet is reachable" classname="Scenario: Use a candidate version that is installed" time="0.001"/>
  <testcase name="And an initialised environment" classname="Scenario: Use a candidate version that is installed" time="0.0"/>
  <testcase name="Given the candidate &quot;grails&quot; version &quot;2.1.0&quot; is already installed and default" classname="Scenario: Use a candidate version that is installed" time="0.001"/>
  <testcase name="And the candidate &quot;grails&quot; version &quot;1.3.9&quot; is a valid candidate version" classname="Scenario: Use a candidate version that is installed" time="0.0"/>
  <testcase name="And the candidate &quot;grails&quot; version &quot;1.3.9&quot; is already installed but not default" classname="Scenario: Use a candidate version that is installed" time="0.0"/>
  <testcase name="And the system is bootstrapped" classname="Scenario: Use a candidate version that is installed" time="0.0"/>
  <testcase name="When I enter &quot;sdk use grails 1.3.9&quot;" classname="Scenario: Use a candidate version that is installed" time="0.0"/>
  <testcase name="Then I see &quot;Using grails version 1.3.9 in this shell.&quot;" classname="Scenario: Use a candidate version that is installed" time="0.0"/>
  <testcase name="Then the candidate &quot;grails&quot; version &quot;1.3.9&quot; should be in use" classname="Scenario: Use a candidate version that is installed" time="0.0"/>
  <testcase name="And the candidate &quot;grails&quot; version &quot;2.1.0&quot; should be the default" classname="Scenario: Use a candidate version that is installed" time="0.0"/>
  <testcase name="classMethod" classname="Scenario: Use a candidate version that is installed" time="0.334"/>
  <system-out><![CDATA[
  Scenario: Use without providing a Candidate               ?[90m# use_and_default_candidate.feature:7?[0m
    ?[32mGiven ?[0m?[32mthe system is bootstrapped?[0m                        ?[90m# initialisation_steps.groovy:115?[0m
    ?[32mWhen ?[0m?[32mI enter "?[0m?[32m?[1msdk use?[0m?[32m"?[0m                                  ?[90m# command_line_interop_steps.groovy:5?[0m
    ?[32mThen ?[0m?[32mI see "?[0m?[32m?[1mUsage: sdk <command> [candidate] [version]?[0m?[32m"?[0m ?[90m# command_line_interop_steps.groovy:15?[0m
]]></system-out>
  <system-err><![CDATA[]]></system-err>
</testsuite>
