<?xml version="1.0" encoding="UTF-8"?>
<testsuite name="Scenario: Disable Offline Mode with internet unreachable" tests="9" skipped="0" failures="0" errors="0" timestamp="2015-10-25T04:18:32" hostname="schrodinger" time="0.311">
  <properties/>
  <testcase name="Given offline mode is enabled with unreachable internet" classname="Scenario: Disable Offline Mode with internet unreachable" time="0.0"/>
  <testcase name="And an initialised environment" classname="Scenario: Disable Offline Mode with internet unreachable" time="0.0"/>
  <testcase name="And the system is bootstrapped" classname="Scenario: Disable Offline Mode with internet unreachable" time="0.0"/>
  <testcase name="When I enter &quot;sdk offline disable&quot;" classname="Scenario: Disable Offline Mode with internet unreachable" time="0.0"/>
  <testcase name="Then I see &quot;Online mode re-enabled!&quot;" classname="Scenario: Disable Offline Mode with internet unreachable" time="0.0"/>
  <testcase name="When I enter &quot;sdk install grails 2.1.0&quot;" classname="Scenario: Disable Offline Mode with internet unreachable" time="0.0"/>
  <testcase name="Then I see &quot;OFFLINE MODE ENABLED!&quot;" classname="Scenario: Disable Offline Mode with internet unreachable" time="0.0"/>
  <testcase name="And I see &quot;Stop! grails 2.1.0 is not available in offline mode.&quot;" classname="Scenario: Disable Offline Mode with internet unreachable" time="0.0"/>
  <testcase name="classMethod" classname="Scenario: Disable Offline Mode with internet unreachable" time="0.315"/>
  <system-out><![CDATA[
  Scenario: Disable Offline Mode with internet reachable                 ?[90m# forced_offline_mode.feature:29?[0m
    ?[32mGiven ?[0m?[32moffline mode is enabled with reachable internet?[0m                ?[90m# initialisation_steps.groovy:63?[0m
    ?[32mAnd ?[0m?[32mthe candidate "?[0m?[32m?[1mgrails?[0m?[32m" version "?[0m?[32m?[1m2.1.0?[0m?[32m" is available for download?[0m ?[90m# stub_steps.groovy:17?[0m
    ?[32mAnd ?[0m?[32man initialised environment?[0m                                       ?[90m# initialisation_steps.groovy:79?[0m
    ?[32mAnd ?[0m?[32mthe system is bootstrapped?[0m                                       ?[90m# initialisation_steps.groovy:115?[0m
    ?[32mWhen ?[0m?[32mI enter "?[0m?[32m?[1msdk offline disable?[0m?[32m"?[0m                                   ?[90m# command_line_interop_steps.groovy:5?[0m
    ?[32mThen ?[0m?[32mI see "?[0m?[32m?[1mOnline mode re-enabled!?[0m?[32m"?[0m                                 ?[90m# command_line_interop_steps.groovy:15?[0m
    ?[32mWhen ?[0m?[32mI enter "?[0m?[32m?[1msdk install grails 2.1.0?[0m?[32m" and answer "?[0m?[32m?[1mY?[0m?[32m"?[0m               ?[90m# command_line_interop_steps.groovy:10?[0m
    ?[32mThen ?[0m?[32mI see "?[0m?[32m?[1mDone installing!?[0m?[32m"?[0m                                        ?[90m# command_line_interop_steps.groovy:15?[0m
    ?[32mAnd ?[0m?[32mthe candidate "?[0m?[32m?[1mgrails?[0m?[32m" version "?[0m?[32m?[1m2.1.0?[0m?[32m" is installed?[0m              ?[90m# installation_steps.groovy:10?[0m
]]></system-out>
  <system-err><![CDATA[]]></system-err>
</testsuite>
