<?xml version="1.0" encoding="UTF-8"?>
<testsuite name="Scenario: Shortcut for listing an uninstalled available Version" tests="8" skipped="0" failures="0" errors="0" timestamp="2015-10-25T04:18:40" hostname="schrodinger" time="0.209">
  <properties/>
  <testcase name="Given the internet is reachable" classname="Scenario: Shortcut for listing an uninstalled available Version" time="0.0"/>
  <testcase name="And an initialised environment" classname="Scenario: Shortcut for listing an uninstalled available Version" time="0.0"/>
  <testcase name="Given I do not have a &quot;grails&quot; candidate installed" classname="Scenario: Shortcut for listing an uninstalled available Version" time="0.0"/>
  <testcase name="And a &quot;grails&quot; list view is available for consumption" classname="Scenario: Shortcut for listing an uninstalled available Version" time="0.0"/>
  <testcase name="And the system is bootstrapped" classname="Scenario: Shortcut for listing an uninstalled available Version" time="0.0"/>
  <testcase name="When I enter &quot;sdk l grails&quot;" classname="Scenario: Shortcut for listing an uninstalled available Version" time="0.0"/>
  <testcase name="Then I see &quot;Available Grails Versions&quot;" classname="Scenario: Shortcut for listing an uninstalled available Version" time="0.0"/>
  <testcase name="classMethod" classname="Scenario: Shortcut for listing an uninstalled available Version" time="0.225"/>
  <system-out><![CDATA[]]></system-out>
  <system-err><![CDATA[]]></system-err>
</testsuite>
