<?xml version="1.0" encoding="UTF-8"?>
<testsuite name="Scenario: Make the local development version the default for the candidate" tests="10" skipped="0" failures="0" errors="0" timestamp="2015-10-25T04:18:40" hostname="schrodinger" time="0.212">
  <properties/>
  <testcase name="Given the internet is reachable" classname="Scenario: Make the local development version the default for the candidate" time="0.0"/>
  <testcase name="And an initialised environment" classname="Scenario: Make the local development version the default for the candidate" time="0.0"/>
  <testcase name="Given the candidate &quot;groovy&quot; version &quot;2.0.6&quot; is already installed and default" classname="Scenario: Make the local development version the default for the candidate" time="0.0"/>
  <testcase name="And the candidate &quot;groovy&quot; version &quot;2.1-SNAPSHOT&quot; is not available for download" classname="Scenario: Make the local development version the default for the candidate" time="0.0"/>
  <testcase name="And the candidate &quot;groovy&quot; version &quot;2.1-SNAPSHOT&quot; is already linked to &quot;/tmp/groovy-core&quot;" classname="Scenario: Make the local development version the default for the candidate" time="0.0"/>
  <testcase name="And the system is bootstrapped" classname="Scenario: Make the local development version the default for the candidate" time="0.0"/>
  <testcase name="When I enter &quot;sdk default groovy 2.1-SNAPSHOT&quot;" classname="Scenario: Make the local development version the default for the candidate" time="0.0"/>
  <testcase name="Then I see &quot;Default groovy version set to 2.1-SNAPSHOT&quot;" classname="Scenario: Make the local development version the default for the candidate" time="0.0"/>
  <testcase name="And the candidate &quot;groovy&quot; version &quot;2.1-SNAPSHOT&quot; should be the default" classname="Scenario: Make the local development version the default for the candidate" time="0.0"/>
  <testcase name="classMethod" classname="Scenario: Make the local development version the default for the candidate" time="0.23"/>
  <system-out><![CDATA[
  Scenario: Attempt uninstalling a local development version that is not installed ?[90m# local_developement_versions.feature:30?[0m
    ?[32mGiven ?[0m?[32mthe candidate "?[0m?[32m?[1mgroovy?[0m?[32m" version "?[0m?[32m?[1m2.1-SNAPSHOT?[0m?[32m" is not installed?[0m           ?[90m# installation_steps.groovy:16?[0m
    ?[32mAnd ?[0m?[32mthe system is bootstrapped?[0m                                                 ?[90m# initialisation_steps.groovy:115?[0m
    ?[32mWhen ?[0m?[32mI enter "?[0m?[32m?[1msdk uninstall groovy 2.1-SNAPSHOT?[0m?[32m"?[0m                               ?[90m# command_line_interop_steps.groovy:5?[0m
    ?[32mThen ?[0m?[32mI see "?[0m?[32m?[1mgroovy 2.1-SNAPSHOT is not installed.?[0m?[32m"?[0m                             ?[90m# command_line_interop_steps.groovy:15?[0m
]]></system-out>
  <system-err><![CDATA[]]></system-err>
</testsuite>
