<?xml version="1.0" encoding="UTF-8"?>
<testsuite name="Scenario: Uninstall a local development version" tests="8" skipped="0" failures="0" errors="0" timestamp="2015-10-25T04:18:39" hostname="schrodinger" time="0.212">
  <properties/>
  <testcase name="Given the internet is reachable" classname="Scenario: Uninstall a local development version" time="0.0"/>
  <testcase name="And an initialised environment" classname="Scenario: Uninstall a local development version" time="0.0"/>
  <testcase name="Given the candidate &quot;groovy&quot; version &quot;2.1-SNAPSHOT&quot; is already linked to &quot;/tmp/groovy-core&quot;" classname="Scenario: Uninstall a local development version" time="0.0"/>
  <testcase name="And the system is bootstrapped" classname="Scenario: Uninstall a local development version" time="0.0"/>
  <testcase name="When I enter &quot;sdk uninstall groovy 2.1-SNAPSHOT&quot;" classname="Scenario: Uninstall a local development version" time="0.0"/>
  <testcase name="Then I see &quot;Uninstalling groovy 2.1-SNAPSHOT&quot;" classname="Scenario: Uninstall a local development version" time="0.0"/>
  <testcase name="And the candidate &quot;groovy&quot; version &quot;2.1-SNAPSHOT&quot; is not installed" classname="Scenario: Uninstall a local development version" time="0.0"/>
  <testcase name="classMethod" classname="Scenario: Uninstall a local development version" time="0.231"/>
  <system-out><![CDATA[
  Scenario: Attempt installing a local development version that already exists                ?[90m# local_developement_versions.feature:15?[0m
    ?[32mGiven ?[0m?[32mthe candidate "?[0m?[32m?[1mgroovy?[0m?[32m" version "?[0m?[32m?[1m2.1-SNAPSHOT?[0m?[32m" is not available for download?[0m         ?[90m# stub_steps.groovy:22?[0m
    ?[32mAnd ?[0m?[32mthe candidate "?[0m?[32m?[1mgroovy?[0m?[32m" version "?[0m?[32m?[1m2.1-SNAPSHOT?[0m?[32m" is already linked to "?[0m?[32m?[1m/tmp/groovy-core?[0m?[32m"?[0m ?[90m# installation_steps.groovy:66?[0m
    ?[32mAnd ?[0m?[32mthe system is bootstrapped?[0m                                                            ?[90m# initialisation_steps.groovy:115?[0m
    ?[32mWhen ?[0m?[32mI enter "?[0m?[32m?[1msdk install groovy 2.1-SNAPSHOT /tmp/groovy-core?[0m?[32m"?[0m                           ?[90m# command_line_interop_steps.groovy:5?[0m
    ?[32mThen ?[0m?[32mI see "?[0m?[32m?[1mStop! groovy 2.1-SNAPSHOT is already installed.?[0m?[32m"?[0m                              ?[90m# command_line_interop_steps.groovy:15?[0m
    ?[32mAnd ?[0m?[32mthe candidate "?[0m?[32m?[1mgroovy?[0m?[32m" version "?[0m?[32m?[1m2.1-SNAPSHOT?[0m?[32m" is linked to "?[0m?[32m?[1m/tmp/groovy-core?[0m?[32m"?[0m         ?[90m# installation_steps.groovy:54?[0m
]]></system-out>
  <system-err><![CDATA[]]></system-err>
</testsuite>
