<?xml version="1.0" encoding="UTF-8"?>
<testsuite name="Scenario: Request help while Forced Offline" tests="6" skipped="0" failures="0" errors="0" timestamp="2015-10-25T04:18:35" hostname="schrodinger" time="0.206">
  <properties/>
  <testcase name="Given offline mode is enabled with reachable internet" classname="Scenario: Request help while Forced Offline" time="0.0"/>
  <testcase name="And an initialised environment" classname="Scenario: Request help while Forced Offline" time="0.001"/>
  <testcase name="And the system is bootstrapped" classname="Scenario: Request help while Forced Offline" time="0.0"/>
  <testcase name="When I enter &quot;sdk help&quot;" classname="Scenario: Request help while Forced Offline" time="0.0"/>
  <testcase name="Then I see &quot;Usage: sdk &lt;command&gt; [candidate] [version]&quot;" classname="Scenario: Request help while Forced Offline" time="0.0"/>
  <testcase name="classMethod" classname="Scenario: Request help while Forced Offline" time="0.215"/>
  <system-out><![CDATA[
  #current command
  Scenario: Display the current version of a candidate while Forced Offline     ?[90m# forced_offline_mode.feature:113?[0m
    ?[32mGiven ?[0m?[32moffline mode is enabled with reachable internet?[0m                       ?[90m# initialisation_steps.groovy:63?[0m
    ?[32mAnd ?[0m?[32mthe candidate "?[0m?[32m?[1mgrails?[0m?[32m" version "?[0m?[32m?[1m2.1.0?[0m?[32m" is already installed and default?[0m ?[90m# installation_steps.groovy:22?[0m
    ?[32mAnd ?[0m?[32man initialised environment?[0m                                              ?[90m# initialisation_steps.groovy:79?[0m
    ?[32mAnd ?[0m?[32mthe system is bootstrapped?[0m                                              ?[90m# initialisation_steps.groovy:115?[0m
    ?[32mWhen ?[0m?[32mI enter "?[0m?[32m?[1msdk current grails?[0m?[32m"?[0m                                           ?[90m# command_line_interop_steps.groovy:5?[0m
    ?[32mThen ?[0m?[32mI see "?[0m?[32m?[1mUsing grails version 2.1.0?[0m?[32m"?[0m                                     ?[90m# command_line_interop_steps.groovy:15?[0m
]]></system-out>
  <system-err><![CDATA[]]></system-err>
</testsuite>
