<?xml version="1.0" encoding="UTF-8"?>
<testsuite name="Scenario: A command is issued where the prior Broadcast was the same as the Live one" tests="8" skipped="0" failures="0" errors="0" timestamp="2015-10-25T04:18:26" hostname="schrodinger" time="0.247">
  <properties/>
  <testcase name="Given the internet is reachable" classname="Scenario: A command is issued where the prior Broadcast was the same as the Live one" time="0.001"/>
  <testcase name="And an initialised environment" classname="Scenario: A command is issued where the prior Broadcast was the same as the Live one" time="0.0"/>
  <testcase name="And the system is bootstrapped" classname="Scenario: A command is issued where the prior Broadcast was the same as the Live one" time="0.0"/>
  <testcase name="Given a prior Broadcast &quot;This is a LIVE Broadcast!&quot; with id &quot;12345&quot; was issued" classname="Scenario: A command is issued where the prior Broadcast was the same as the Live one" time="0.0"/>
  <testcase name="And a new Broadcast &quot;This is a LIVE Broadcast!&quot; with id &quot;12345&quot; is available" classname="Scenario: A command is issued where the prior Broadcast was the same as the Live one" time="0.0"/>
  <testcase name="When I enter &quot;sdk version&quot;" classname="Scenario: A command is issued where the prior Broadcast was the same as the Live one" time="0.0"/>
  <testcase name="Then I do not see &quot;This is a LIVE Broadcast!&quot;" classname="Scenario: A command is issued where the prior Broadcast was the same as the Live one" time="0.001"/>
  <testcase name="classMethod" classname="Scenario: A command is issued where the prior Broadcast was the same as the Live one" time="0.296"/>
  <system-out><![CDATA[
  Scenario: A command is issued where the prior Broadcast was different to the Live one ?[90m# broadcast.feature:14?[0m
    ?[32mGiven ?[0m?[32ma prior Broadcast "?[0m?[32m?[1mThis is an OLD Broadcast!?[0m?[32m" with id "?[0m?[32m?[1m12344?[0m?[32m" was issued?[0m      ?[90m# broadcast_steps.groovy:16?[0m
    ?[32mAnd ?[0m?[32ma new Broadcast "?[0m?[32m?[1mThis is a LIVE Broadcast!?[0m?[32m" with id "?[0m?[32m?[1m12345?[0m?[32m" is available?[0m        ?[90m# broadcast_steps.groovy:11?[0m
    ?[32mWhen ?[0m?[32mI enter "?[0m?[32m?[1msdk version?[0m?[32m"?[0m                                                          ?[90m# command_line_interop_steps.groovy:5?[0m
    ?[32mThen ?[0m?[32mI see "?[0m?[32m?[1mThis is a LIVE Broadcast!?[0m?[32m"?[0m                                              ?[90m# command_line_interop_steps.groovy:15?[0m
]]></system-out>
  <system-err><![CDATA[]]></system-err>
</testsuite>
