<?xml version="1.0" encoding="UTF-8"?>
<testsuite name="Scenario: Default a candidate version that is not installed" tests="7" skipped="0" failures="0" errors="0" timestamp="2015-10-25T04:18:56" hostname="schrodinger" time="0.208">
  <properties/>
  <testcase name="Given the internet is reachable" classname="Scenario: Default a candidate version that is not installed" time="0.0"/>
  <testcase name="And an initialised environment" classname="Scenario: Default a candidate version that is not installed" time="0.0"/>
  <testcase name="Given the candidate &quot;groovy&quot; version &quot;2.0.5&quot; is a valid candidate version" classname="Scenario: Default a candidate version that is not installed" time="0.0"/>
  <testcase name="And the system is bootstrapped" classname="Scenario: Default a candidate version that is not installed" time="0.0"/>
  <testcase name="When I enter &quot;sdk default groovy 2.0.5&quot;" classname="Scenario: Default a candidate version that is not installed" time="0.0"/>
  <testcase name="Then I see &quot;Stop! groovy 2.0.5 is not installed.&quot;" classname="Scenario: Default a candidate version that is not installed" time="0.0"/>
  <testcase name="classMethod" classname="Scenario: Default a candidate version that is not installed" time="0.223"/>
  <system-out><![CDATA[
  Scenario: Use an uninstalled candidate version of an installed candidate and it does not become default ?[90m# use_and_default_candidate.feature:61?[0m
    ?[32mGiven ?[0m?[32mthe candidate "?[0m?[32m?[1mgrails?[0m?[32m" version "?[0m?[32m?[1m1.3.9?[0m?[32m" is already installed and default?[0m                         ?[90m# installation_steps.groovy:22?[0m
    ?[32mAnd ?[0m?[32mthe candidate "?[0m?[32m?[1mgrails?[0m?[32m" version "?[0m?[32m?[1m2.1.0?[0m?[32m" is available for download?[0m                                  ?[90m# stub_steps.groovy:17?[0m
    ?[32mAnd ?[0m?[32mthe system is bootstrapped?[0m                                                                        ?[90m# initialisation_steps.groovy:115?[0m
    ?[32mWhen ?[0m?[32mI enter "?[0m?[32m?[1msdk use grails 2.1.0?[0m?[32m" and answer "?[0m?[32m?[1mY?[0m?[32m"?[0m                                                    ?[90m# command_line_interop_steps.groovy:10?[0m
    ?[32mThen ?[0m?[32mI do not see "?[0m?[32m?[1mSetting grails version 1.3.9 as default.?[0m?[32m"?[0m                                          ?[90m# command_line_interop_steps.groovy:19?[0m
    ?[32mAnd ?[0m?[32mI see "?[0m?[32m?[1mUsing grails version 2.1.0 in this shell.?[0m?[32m"?[0m                                                 ?[90m# command_line_interop_steps.groovy:15?[0m
    ?[32mAnd ?[0m?[32mthe candidate "?[0m?[32m?[1mgrails?[0m?[32m" version "?[0m?[32m?[1m2.1.0?[0m?[32m" is installed?[0m                                               ?[90m# installation_steps.groovy:10?[0m
    ?[32mAnd ?[0m?[32mthe candidate "?[0m?[32m?[1mgrails?[0m?[32m" version "?[0m?[32m?[1m1.3.9?[0m?[32m" should be the default?[0m                                      ?[90m# use_steps.groovy:30?[0m
]]></system-out>
  <system-err><![CDATA[]]></system-err>
</testsuite>
