<?xml version="1.0" encoding="UTF-8"?>
<testsuite name="Scenario: List an installed local Version in use" tests="11" skipped="0" failures="0" errors="0" timestamp="2015-10-25T04:18:39" hostname="schrodinger" time="0.217">
  <properties/>
  <testcase name="Given the internet is reachable" classname="Scenario: List an installed local Version in use" time="0.0"/>
  <testcase name="And an initialised environment" classname="Scenario: List an installed local Version in use" time="0.0"/>
  <testcase name="Given I have a local candidate &quot;groovy&quot; version &quot;2.2-SNAPSHOT&quot; at &quot;/tmp/groovy-core&quot;" classname="Scenario: List an installed local Version in use" time="0.0"/>
  <testcase name="And the candidate &quot;groovy&quot; version &quot;2.2-SNAPSHOT&quot; is already linked to &quot;/tmp/groovy-core&quot;" classname="Scenario: List an installed local Version in use" time="0.0"/>
  <testcase name="And the candidate &quot;groovy&quot; version &quot;2.2-SNAPSHOT&quot; is the default" classname="Scenario: List an installed local Version in use" time="0.0"/>
  <testcase name="And the candidate &quot;groovy&quot; has a version list available" classname="Scenario: List an installed local Version in use" time="0.0"/>
  <testcase name="And the system is bootstrapped" classname="Scenario: List an installed local Version in use" time="0.0"/>
  <testcase name="When I enter &quot;sdk list groovy&quot;" classname="Scenario: List an installed local Version in use" time="0.0"/>
  <testcase name="Then I see &quot;Current: 2.2-SNAPSHOT&quot;" classname="Scenario: List an installed local Version in use" time="0.0"/>
  <testcase name="And I see &quot;Versions: 2.2-SNAPSHOT&quot;" classname="Scenario: List an installed local Version in use" time="0.0"/>
  <testcase name="classMethod" classname="Scenario: List an installed local Version in use" time="0.234"/>
  <system-out><![CDATA[
  Scenario: List an installed local version not in use                                        ?[90m# list_candidate_versions.feature:44?[0m
    ?[32mGiven ?[0m?[32mI have a local candidate "?[0m?[32m?[1mgrails?[0m?[32m" version "?[0m?[32m?[1m2.3-SNAPSHOT?[0m?[32m" at "?[0m?[32m?[1m/tmp/groovy-core?[0m?[32m"?[0m      ?[90m# installation_steps.groovy:50?[0m
    ?[32mAnd ?[0m?[32mthe candidate "?[0m?[32m?[1mgroovy?[0m?[32m" version "?[0m?[32m?[1m2.3-SNAPSHOT?[0m?[32m" is already linked to "?[0m?[32m?[1m/tmp/groovy-core?[0m?[32m"?[0m ?[90m# installation_steps.groovy:66?[0m
    ?[32mAnd ?[0m?[32mthe candidate "?[0m?[32m?[1mgroovy?[0m?[32m" has a version list available?[0m                                   ?[90m# stub_steps.groovy:38?[0m
    ?[32mAnd ?[0m?[32mthe system is bootstrapped?[0m                                                            ?[90m# initialisation_steps.groovy:115?[0m
    ?[32mWhen ?[0m?[32mI enter "?[0m?[32m?[1msdk list groovy?[0m?[32m"?[0m                                                            ?[90m# command_line_interop_steps.groovy:5?[0m
    ?[32mThen ?[0m?[32mI see "?[0m?[32m?[1mVersions: 2.3-SNAPSHOT?[0m?[32m"?[0m                                                       ?[90m# command_line_interop_steps.groovy:15?[0m
    ?[32mAnd ?[0m?[32mI do not see "?[0m?[32m?[1mCurrent: 2.3-SNAPSHOT?[0m?[32m"?[0m                                                  ?[90m# command_line_interop_steps.groovy:19?[0m
]]></system-out>
  <system-err><![CDATA[]]></system-err>
</testsuite>
