<?xml version="1.0" encoding="UTF-8"?>
<testsuite name="Scenario: sdkman is initialised a subsequent time" tests="8" skipped="0" failures="0" errors="0" timestamp="2015-10-25T04:18:50" hostname="schrodinger" time="0.306">
  <properties/>
  <testcase name="Given the internet is reachable" classname="Scenario: sdkman is initialised a subsequent time" time="0.0"/>
  <testcase name="And an initialised environment" classname="Scenario: sdkman is initialised a subsequent time" time="0.0"/>
  <testcase name="Given the candidate &quot;grails&quot; version &quot;2.1.0&quot; is already installed and default" classname="Scenario: sdkman is initialised a subsequent time" time="0.0"/>
  <testcase name="And the system is bootstrapped" classname="Scenario: sdkman is initialised a subsequent time" time="0.0"/>
  <testcase name="And the system is bootstrapped again" classname="Scenario: sdkman is initialised a subsequent time" time="0.0"/>
  <testcase name="And I enter &quot;echo $PATH&quot;" classname="Scenario: sdkman is initialised a subsequent time" time="0.0"/>
  <testcase name="Then I see a single occurrence of &quot;grails&quot;" classname="Scenario: sdkman is initialised a subsequent time" time="0.0"/>
  <testcase name="classMethod" classname="Scenario: sdkman is initialised a subsequent time" time="0.323"/>
  <system-out><![CDATA[
  Scenario: sdkman is initialised for the first time                              ?[90m# path_initialisation.feature:7?[0m
    ?[32mGiven ?[0m?[32mthe candidate "?[0m?[32m?[1mgrails?[0m?[32m" version "?[0m?[32m?[1m2.1.0?[0m?[32m" is already installed and default?[0m ?[90m# installation_steps.groovy:22?[0m
    ?[32mAnd ?[0m?[32mthe system is bootstrapped?[0m                                                ?[90m# initialisation_steps.groovy:115?[0m
    ?[32mWhen ?[0m?[32mI enter "?[0m?[32m?[1mecho $PATH?[0m?[32m"?[0m                                                     ?[90m# command_line_interop_steps.groovy:5?[0m
    ?[32mThen ?[0m?[32mI see a single occurrence of "?[0m?[32m?[1mgrails?[0m?[32m"?[0m                                    ?[90m# command_line_interop_steps.groovy:31?[0m
]]></system-out>
  <system-err><![CDATA[]]></system-err>
</testsuite>
