<?xml version="1.0" encoding="UTF-8"?>
<testsuite name="Scenario: Ask for help" tests="6" skipped="0" failures="0" errors="0" timestamp="2015-10-25T04:18:27" hostname="schrodinger" time="0.212">
  <properties/>
  <testcase name="Given the internet is reachable" classname="Scenario: Ask for help" time="0.0"/>
  <testcase name="And an initialised environment" classname="Scenario: Ask for help" time="0.0"/>
  <testcase name="And the system is bootstrapped" classname="Scenario: Ask for help" time="0.0"/>
  <testcase name="When I enter &quot;sdk help&quot;" classname="Scenario: Ask for help" time="0.0"/>
  <testcase name="Then I see &quot;Usage: sdk &lt;command&gt; [candidate] [version]&quot;" classname="Scenario: Ask for help" time="0.0"/>
  <testcase name="classMethod" classname="Scenario: Ask for help" time="0.25"/>
  <system-out><![CDATA[
  Scenario: Enter sdk                                       ?[90m# command_line_interop.feature:8?[0m
    ?[32mWhen ?[0m?[32mI enter "?[0m?[32m?[1msdk?[0m?[32m"?[0m                                      ?[90m# command_line_interop_steps.groovy:5?[0m
    ?[32mThen ?[0m?[32mI see "?[0m?[32m?[1mUsage: sdk <command> [candidate] [version]?[0m?[32m"?[0m ?[90m# command_line_interop_steps.groovy:15?[0m
    ?[32mAnd ?[0m?[32mI see "?[0m?[32m?[1msdk offline <enable|disable>?[0m?[32m"?[0m                ?[90m# command_line_interop_steps.groovy:15?[0m
]]></system-out>
  <system-err><![CDATA[]]></system-err>
</testsuite>
