<?xml version="1.0" encoding="UTF-8"?>
<testsuite name="Scenario: Uninstall an installed Candidate Version not in use" tests="9" skipped="0" failures="0" errors="0" timestamp="2015-10-25T04:18:53" hostname="schrodinger" time="0.207">
  <properties/>
  <testcase name="Given the internet is reachable" classname="Scenario: Uninstall an installed Candidate Version not in use" time="0.0"/>
  <testcase name="And an initialised environment" classname="Scenario: Uninstall an installed Candidate Version not in use" time="0.0"/>
  <testcase name="Given the candidate &quot;grails&quot; version &quot;2.1.0&quot; is already installed but not default" classname="Scenario: Uninstall an installed Candidate Version not in use" time="0.0"/>
  <testcase name="And the system is bootstrapped" classname="Scenario: Uninstall an installed Candidate Version not in use" time="0.0"/>
  <testcase name="When I enter &quot;sdk uninstall grails 2.1.0&quot;" classname="Scenario: Uninstall an installed Candidate Version not in use" time="0.0"/>
  <testcase name="Then I do not see &quot;Unselecting grails 2.1.0&quot;" classname="Scenario: Uninstall an installed Candidate Version not in use" time="0.0"/>
  <testcase name="Then I see &quot;Uninstalling grails 2.1.0&quot;" classname="Scenario: Uninstall an installed Candidate Version not in use" time="0.0"/>
  <testcase name="And the candidate &quot;grails&quot; version &quot;2.1.0&quot; is not installed" classname="Scenario: Uninstall an installed Candidate Version not in use" time="0.0"/>
  <testcase name="classMethod" classname="Scenario: Uninstall an installed Candidate Version not in use" time="0.223"/>
  <system-out><![CDATA[]]></system-out>
  <system-err><![CDATA[]]></system-err>
</testsuite>
