<?xml version="1.0" encoding="UTF-8"?>
<testsuite name="sdkman.specs.CurrentCommandSpec" tests="1" skipped="0" failures="0" errors="0" timestamp="2015-10-25T04:18:23" hostname="schrodinger" time="0.219">
  <properties/>
  <testcase name="should display current version of all candidates installed" classname="sdkman.specs.CurrentCommandSpec" time="0.219"/>
  <system-out><![CDATA[]]></system-out>
  <system-err><![CDATA[]]></system-err>
</testsuite>
