<?xml version="1.0" encoding="UTF-8"?>
<testsuite name="Scenario: A List of Available Candidates can be viewed" tests="7" skipped="0" failures="0" errors="0" timestamp="2015-10-25T04:18:39" hostname="schrodinger" time="0.21">
  <properties/>
  <testcase name="Given the internet is reachable" classname="Scenario: A List of Available Candidates can be viewed" time="0.0"/>
  <testcase name="And an initialised environment" classname="Scenario: A List of Available Candidates can be viewed" time="0.0"/>
  <testcase name="Given the system is bootstrapped" classname="Scenario: A List of Available Candidates can be viewed" time="0.0"/>
  <testcase name="And The candidate list is available" classname="Scenario: A List of Available Candidates can be viewed" time="0.0"/>
  <testcase name="When I enter &quot;sdk list&quot;" classname="Scenario: A List of Available Candidates can be viewed" time="0.0"/>
  <testcase name="Then I see &quot;Candidate List&quot;" classname="Scenario: A List of Available Candidates can be viewed" time="0.0"/>
  <testcase name="classMethod" classname="Scenario: A List of Available Candidates can be viewed" time="0.228"/>
  <system-out><![CDATA[]]></system-out>
  <system-err><![CDATA[]]></system-err>
</testsuite>
