<?xml version="1.0" encoding="UTF-8"?>
<testsuite name="Scenario: Use an uninstalled version of an uninstalled candidate updates the candidate _HOME variable" tests="9" skipped="0" failures="0" errors="0" timestamp="2015-10-25T04:18:58" hostname="schrodinger" time="0.416">
  <properties/>
  <testcase name="Given the internet is reachable" classname="Scenario: Use an uninstalled version of an uninstalled candidate updates the candidate _HOME variable" time="0.0"/>
  <testcase name="And an initialised environment" classname="Scenario: Use an uninstalled version of an uninstalled candidate updates the candidate _HOME variable" time="0.0"/>
  <testcase name="Given the candidate &quot;grails&quot; does not exist locally" classname="Scenario: Use an uninstalled version of an uninstalled candidate updates the candidate _HOME variable" time="0.0"/>
  <testcase name="And the candidate &quot;grails&quot; version &quot;2.1.0&quot; is available for download" classname="Scenario: Use an uninstalled version of an uninstalled candidate updates the candidate _HOME variable" time="0.0"/>
  <testcase name="And the system is bootstrapped" classname="Scenario: Use an uninstalled version of an uninstalled candidate updates the candidate _HOME variable" time="0.0"/>
  <testcase name="And the &quot;GRAILS_HOME&quot; variable is not set" classname="Scenario: Use an uninstalled version of an uninstalled candidate updates the candidate _HOME variable" time="0.0"/>
  <testcase name="When I enter &quot;sdk use grails 2.1.0&quot; and answer &quot;Y&quot;" classname="Scenario: Use an uninstalled version of an uninstalled candidate updates the candidate _HOME variable" time="0.0"/>
  <testcase name="Then the &quot;GRAILS_HOME&quot; variable contains &quot;grails/2.1.0&quot;" classname="Scenario: Use an uninstalled version of an uninstalled candidate updates the candidate _HOME variable" time="0.0"/>
  <testcase name="classMethod" classname="Scenario: Use an uninstalled version of an uninstalled candidate updates the candidate _HOME variable" time="0.431"/>
  <system-out><![CDATA[
  #scenarios related to updating _HOME variable
  Scenario: Use an installed version of an installed candidate updates the candidate _HOME variable ?[90m# use_and_default_candidate.feature:102?[0m
    ?[32mGiven ?[0m?[32mthe candidate "?[0m?[32m?[1mgrails?[0m?[32m" version "?[0m?[32m?[1m1.3.9?[0m?[32m" is already installed and default?[0m                   ?[90m# installation_steps.groovy:22?[0m
    ?[32mAnd ?[0m?[32mthe candidate "?[0m?[32m?[1mgrails?[0m?[32m" version "?[0m?[32m?[1m2.1.0?[0m?[32m" is already installed but not default?[0m                 ?[90m# installation_steps.groovy:35?[0m
    ?[32mAnd ?[0m?[32mthe candidate "?[0m?[32m?[1mgrails?[0m?[32m" version "?[0m?[32m?[1m2.1.0?[0m?[32m" is available for download?[0m                            ?[90m# stub_steps.groovy:17?[0m
    ?[32mAnd ?[0m?[32mthe system is bootstrapped?[0m                                                                  ?[90m# initialisation_steps.groovy:115?[0m
    ?[32mAnd ?[0m?[32mthe "?[0m?[32m?[1mGRAILS_HOME?[0m?[32m" variable contains "?[0m?[32m?[1mgrails/current?[0m?[32m"?[0m                                        ?[90m# command_line_interop_steps.groovy:39?[0m
    ?[32mWhen ?[0m?[32mI enter "?[0m?[32m?[1msdk use grails 2.1.0?[0m?[32m"?[0m                                                             ?[90m# command_line_interop_steps.groovy:5?[0m
    ?[32mAnd ?[0m?[32mI see "?[0m?[32m?[1mUsing grails version 2.1.0 in this shell.?[0m?[32m"?[0m                                           ?[90m# command_line_interop_steps.groovy:15?[0m
    ?[32mThen ?[0m?[32mthe "?[0m?[32m?[1mGRAILS_HOME?[0m?[32m" variable contains "?[0m?[32m?[1mgrails/2.1.0?[0m?[32m"?[0m                                         ?[90m# command_line_interop_steps.groovy:39?[0m
]]></system-out>
  <system-err><![CDATA[]]></system-err>
</testsuite>
