<?xml version="1.0" encoding="UTF-8"?>
<testsuite name="Scenario: Uninstall a candidate version while Offline" tests="10" skipped="0" failures="0" errors="0" timestamp="2015-10-25T04:18:46" hostname="schrodinger" time="0.208">
  <properties/>
  <testcase name="Given the internet is not reachable" classname="Scenario: Uninstall a candidate version while Offline" time="0.0"/>
  <testcase name="And an initialised environment" classname="Scenario: Uninstall a candidate version while Offline" time="0.0"/>
  <testcase name="Given the candidate &quot;grails&quot; version &quot;2.1.0&quot; is already installed and default" classname="Scenario: Uninstall a candidate version while Offline" time="0.0"/>
  <testcase name="And the system is bootstrapped" classname="Scenario: Uninstall a candidate version while Offline" time="0.0"/>
  <testcase name="When I enter &quot;sdk uninstall grails 2.1.0&quot;" classname="Scenario: Uninstall a candidate version while Offline" time="0.0"/>
  <testcase name="Then I see &quot;Unselecting grails 2.1.0...&quot;" classname="Scenario: Uninstall a candidate version while Offline" time="0.0"/>
  <testcase name="And I see &quot;Uninstalling grails 2.1.0...&quot;" classname="Scenario: Uninstall a candidate version while Offline" time="0.0"/>
  <testcase name="And the candidate &quot;grails&quot; version &quot;2.1.0&quot; is not in use" classname="Scenario: Uninstall a candidate version while Offline" time="0.0"/>
  <testcase name="And the candidate &quot;grails&quot; version &quot;2.1.0&quot; is not installed" classname="Scenario: Uninstall a candidate version while Offline" time="0.0"/>
  <testcase name="classMethod" classname="Scenario: Uninstall a candidate version while Offline" time="0.211"/>
  <system-out><![CDATA[
  Scenario: Install a candidate version that is already installed while Offline   ?[90m# offline_mode.feature:88?[0m
    ?[32mGiven ?[0m?[32mthe candidate "?[0m?[32m?[1mgrails?[0m?[32m" version "?[0m?[32m?[1m2.1.0?[0m?[32m" is already installed and default?[0m ?[90m# installation_steps.groovy:22?[0m
    ?[32mAnd ?[0m?[32mthe system is bootstrapped?[0m                                                ?[90m# initialisation_steps.groovy:115?[0m
    ?[32mWhen ?[0m?[32mI enter "?[0m?[32m?[1msdk install grails 2.1.0?[0m?[32m"?[0m                                       ?[90m# command_line_interop_steps.groovy:5?[0m
    ?[32mThen ?[0m?[32mI see "?[0m?[32m?[1mStop! grails 2.1.0 is already installed.?[0m?[32m"?[0m                         ?[90m# command_line_interop_steps.groovy:15?[0m
]]></system-out>
  <system-err><![CDATA[]]></system-err>
</testsuite>
