<?xml version="1.0" encoding="UTF-8"?>
<testsuite name="Scenario: Recall a broadcast while Forced Offline" tests="7" skipped="0" failures="0" errors="0" timestamp="2015-10-25T04:18:33" hostname="schrodinger" time="0.212">
  <properties/>
  <testcase name="Given offline mode is enabled with reachable internet" classname="Scenario: Recall a broadcast while Forced Offline" time="0.0"/>
  <testcase name="And an initialised environment" classname="Scenario: Recall a broadcast while Forced Offline" time="0.0"/>
  <testcase name="And the system is bootstrapped" classname="Scenario: Recall a broadcast while Forced Offline" time="0.0"/>
  <testcase name="When a prior Broadcast &quot;This is an OLD Broadcast!&quot; with id &quot;12344&quot; was issued" classname="Scenario: Recall a broadcast while Forced Offline" time="0.0"/>
  <testcase name="And I enter &quot;sdk broadcast&quot;" classname="Scenario: Recall a broadcast while Forced Offline" time="0.0"/>
  <testcase name="Then I see &quot;This is an OLD Broadcast!&quot;" classname="Scenario: Recall a broadcast while Forced Offline" time="0.0"/>
  <testcase name="classMethod" classname="Scenario: Recall a broadcast while Forced Offline" time="0.222"/>
  <system-out><![CDATA[
  Scenario: Disable Offline Mode with internet unreachable           ?[90m# forced_offline_mode.feature:40?[0m
    ?[32mGiven ?[0m?[32moffline mode is enabled with unreachable internet?[0m          ?[90m# initialisation_steps.groovy:72?[0m
    ?[32mAnd ?[0m?[32man initialised environment?[0m                                   ?[90m# initialisation_steps.groovy:79?[0m
    ?[32mAnd ?[0m?[32mthe system is bootstrapped?[0m                                   ?[90m# initialisation_steps.groovy:115?[0m
    ?[32mWhen ?[0m?[32mI enter "?[0m?[32m?[1msdk offline disable?[0m?[32m"?[0m                               ?[90m# command_line_interop_steps.groovy:5?[0m
    ?[32mThen ?[0m?[32mI see "?[0m?[32m?[1mOnline mode re-enabled!?[0m?[32m"?[0m                             ?[90m# command_line_interop_steps.groovy:15?[0m
    ?[32mWhen ?[0m?[32mI enter "?[0m?[32m?[1msdk install grails 2.1.0?[0m?[32m"?[0m                          ?[90m# command_line_interop_steps.groovy:5?[0m
    ?[32mThen ?[0m?[32mI see "?[0m?[32m?[1mOFFLINE MODE ENABLED!?[0m?[32m"?[0m                               ?[90m# command_line_interop_steps.groovy:15?[0m
    ?[32mAnd ?[0m?[32mI see "?[0m?[32m?[1mStop! grails 2.1.0 is not available in offline mode.?[0m?[32m"?[0m ?[90m# command_line_interop_steps.groovy:15?[0m
]]></system-out>
  <system-err><![CDATA[]]></system-err>
</testsuite>
