<?xml version="1.0" encoding="UTF-8"?>
<testsuite name="Scenario: Install a candidate version that is already installed while Offline" tests="7" skipped="0" failures="0" errors="0" timestamp="2015-10-25T04:18:46" hostname="schrodinger" time="0.205">
  <properties/>
  <testcase name="Given the internet is not reachable" classname="Scenario: Install a candidate version that is already installed while Offline" time="0.0"/>
  <testcase name="And an initialised environment" classname="Scenario: Install a candidate version that is already installed while Offline" time="0.0"/>
  <testcase name="Given the candidate &quot;grails&quot; version &quot;2.1.0&quot; is already installed and default" classname="Scenario: Install a candidate version that is already installed while Offline" time="0.0"/>
  <testcase name="And the system is bootstrapped" classname="Scenario: Install a candidate version that is already installed while Offline" time="0.0"/>
  <testcase name="When I enter &quot;sdk install grails 2.1.0&quot;" classname="Scenario: Install a candidate version that is already installed while Offline" time="0.0"/>
  <testcase name="Then I see &quot;Stop! grails 2.1.0 is already installed.&quot;" classname="Scenario: Install a candidate version that is already installed while Offline" time="0.0"/>
  <testcase name="classMethod" classname="Scenario: Install a candidate version that is already installed while Offline" time="0.208"/>
  <system-out><![CDATA[
  # install command
  Scenario: Install a candidate version that is not installed while Offline ?[90m# offline_mode.feature:82?[0m
    ?[32mGiven ?[0m?[32mthe candidate "?[0m?[32m?[1mgrails?[0m?[32m" version "?[0m?[32m?[1m2.1.0?[0m?[32m" is not installed?[0m           ?[90m# installation_steps.groovy:16?[0m
    ?[32mAnd ?[0m?[32mthe system is bootstrapped?[0m                                          ?[90m# initialisation_steps.groovy:115?[0m
    ?[32mWhen ?[0m?[32mI enter "?[0m?[32m?[1msdk install grails 2.1.0?[0m?[32m"?[0m                                 ?[90m# command_line_interop_steps.groovy:5?[0m
    ?[32mThen ?[0m?[32mI see "?[0m?[32m?[1mStop! grails 2.1.0 is not available in offline mode.?[0m?[32m"?[0m       ?[90m# command_line_interop_steps.groovy:15?[0m
]]></system-out>
  <system-err><![CDATA[]]></system-err>
</testsuite>
