<?xml version="1.0" encoding="UTF-8"?>
<testsuite name="Scenario: Display outdated candidate version in use when it is outdated" tests="9" skipped="0" failures="0" errors="0" timestamp="2015-10-25T04:18:48" hostname="schrodinger" time="0.218">
  <properties/>
  <testcase name="Given the internet is reachable" classname="Scenario: Display outdated candidate version in use when it is outdated" time="0.001"/>
  <testcase name="And an initialised environment" classname="Scenario: Display outdated candidate version in use when it is outdated" time="0.0"/>
  <testcase name="Given the candidate &quot;grails&quot; version &quot;1.3.9&quot; is already installed and default" classname="Scenario: Display outdated candidate version in use when it is outdated" time="0.0"/>
  <testcase name="And the default &quot;grails&quot; candidate is &quot;2.4.4&quot;" classname="Scenario: Display outdated candidate version in use when it is outdated" time="0.0"/>
  <testcase name="And the system is bootstrapped" classname="Scenario: Display outdated candidate version in use when it is outdated" time="0.0"/>
  <testcase name="When I enter &quot;sdk outdated grails&quot;" classname="Scenario: Display outdated candidate version in use when it is outdated" time="0.0"/>
  <testcase name="Then I see &quot;Outdated:&quot;" classname="Scenario: Display outdated candidate version in use when it is outdated" time="0.0"/>
  <testcase name="And I see &quot;grails (1.3.9 &lt; 2.4.4)&quot;" classname="Scenario: Display outdated candidate version in use when it is outdated" time="0.0"/>
  <testcase name="classMethod" classname="Scenario: Display outdated candidate version in use when it is outdated" time="0.233"/>
  <system-out><![CDATA[]]></system-out>
  <system-err><![CDATA[]]></system-err>
</testsuite>
