<?xml version="1.0" encoding="UTF-8"?>
<testsuite name="Scenario: Install a candidate and select to use it" tests="11" skipped="0" failures="0" errors="0" timestamp="2015-10-25T04:18:36" hostname="schrodinger" time="0.22">
  <properties/>
  <testcase name="Given the internet is reachable" classname="Scenario: Install a candidate and select to use it" time="0.0"/>
  <testcase name="And an initialised environment" classname="Scenario: Install a candidate and select to use it" time="0.0"/>
  <testcase name="And the system is bootstrapped" classname="Scenario: Install a candidate and select to use it" time="0.0"/>
  <testcase name="Given the candidate &quot;grails&quot; version &quot;2.1.0&quot; is available for download" classname="Scenario: Install a candidate and select to use it" time="0.0"/>
  <testcase name="When I enter &quot;sdk install grails 2.1.0&quot; and answer &quot;Y&quot;" classname="Scenario: Install a candidate and select to use it" time="0.0"/>
  <testcase name="Then the candidate &quot;grails&quot; version &quot;2.1.0&quot; is installed" classname="Scenario: Install a candidate and select to use it" time="0.0"/>
  <testcase name="And I see &quot;Done installing!&quot;" classname="Scenario: Install a candidate and select to use it" time="0.0"/>
  <testcase name="And I see &quot;Do you want grails 2.1.0 to be set as default? (Y/n)&quot;" classname="Scenario: Install a candidate and select to use it" time="0.0"/>
  <testcase name="And I see &quot;Setting grails 2.1.0 as default.&quot;" classname="Scenario: Install a candidate and select to use it" time="0.0"/>
  <testcase name="Then the candidate &quot;grails&quot; version &quot;2.1.0&quot; should be the default" classname="Scenario: Install a candidate and select to use it" time="0.0"/>
  <testcase name="classMethod" classname="Scenario: Install a candidate and select to use it" time="0.238"/>
  <system-out><![CDATA[
  Scenario: Install a Candidate version that is already installed               ?[90m# install_candidate.feature:25?[0m
    ?[32mGiven ?[0m?[32mthe candidate "?[0m?[32m?[1mgrails?[0m?[32m" version "?[0m?[32m?[1m1.3.9?[0m?[32m" is available for download?[0m      ?[90m# stub_steps.groovy:17?[0m
    ?[32mAnd ?[0m?[32mthe candidate "?[0m?[32m?[1mgrails?[0m?[32m" version "?[0m?[32m?[1m1.3.9?[0m?[32m" is already installed and default?[0m ?[90m# installation_steps.groovy:22?[0m
    ?[32mWhen ?[0m?[32mI enter "?[0m?[32m?[1msdk install grails 1.3.9?[0m?[32m"?[0m                                     ?[90m# command_line_interop_steps.groovy:5?[0m
    ?[32mThen ?[0m?[32mI see "?[0m?[32m?[1mStop! grails 1.3.9 is already installed.?[0m?[32m"?[0m                       ?[90m# command_line_interop_steps.groovy:15?[0m
]]></system-out>
  <system-err><![CDATA[]]></system-err>
</testsuite>
