<?xml version="1.0" encoding="UTF-8"?>
<testsuite name="Scenario: Install a Candidate version that does not exist" tests="7" skipped="0" failures="0" errors="0" timestamp="2015-10-25T04:18:36" hostname="schrodinger" time="0.213">
  <properties/>
  <testcase name="Given the internet is reachable" classname="Scenario: Install a Candidate version that does not exist" time="0.0"/>
  <testcase name="And an initialised environment" classname="Scenario: Install a Candidate version that does not exist" time="0.001"/>
  <testcase name="And the system is bootstrapped" classname="Scenario: Install a Candidate version that does not exist" time="0.0"/>
  <testcase name="Given the candidate &quot;grails&quot; version &quot;1.4.4&quot; is not available for download" classname="Scenario: Install a Candidate version that does not exist" time="0.0"/>
  <testcase name="When I enter &quot;sdk install grails 1.4.4&quot;" classname="Scenario: Install a Candidate version that does not exist" time="0.0"/>
  <testcase name="Then I see &quot;Stop! 1.4.4 is not a valid grails version.&quot;" classname="Scenario: Install a Candidate version that does not exist" time="0.0"/>
  <testcase name="classMethod" classname="Scenario: Install a Candidate version that does not exist" time="0.231"/>
  <system-out><![CDATA[
  Scenario: Install a specific Candidate                                 ?[90m# install_candidate.feature:14?[0m
    ?[32mAnd ?[0m?[32mthe candidate "?[0m?[32m?[1mgrails?[0m?[32m" version "?[0m?[32m?[1m1.3.9?[0m?[32m" is available for download?[0m ?[90m# stub_steps.groovy:17?[0m
    ?[32mWhen ?[0m?[32mI enter "?[0m?[32m?[1msdk install grails 1.3.9?[0m?[32m" and answer "?[0m?[32m?[1mY?[0m?[32m"?[0m               ?[90m# command_line_interop_steps.groovy:10?[0m
    ?[32mThen ?[0m?[32mI see "?[0m?[32m?[1mDone installing!?[0m?[32m"?[0m                                        ?[90m# command_line_interop_steps.groovy:15?[0m
    ?[32mThen ?[0m?[32mthe candidate "?[0m?[32m?[1mgrails?[0m?[32m" version "?[0m?[32m?[1m1.3.9?[0m?[32m" is installed?[0m             ?[90m# installation_steps.groovy:10?[0m
]]></system-out>
  <system-err><![CDATA[]]></system-err>
</testsuite>
