<?xml version="1.0" encoding="UTF-8"?>
<testsuite name="Scenario: Use the default candidate version while Offline" tests="8" skipped="0" failures="0" errors="0" timestamp="2015-10-25T04:18:44" hostname="schrodinger" time="0.206">
  <properties/>
  <testcase name="Given the internet is not reachable" classname="Scenario: Use the default candidate version while Offline" time="0.0"/>
  <testcase name="And an initialised environment" classname="Scenario: Use the default candidate version while Offline" time="0.001"/>
  <testcase name="Given the candidate &quot;grails&quot; version &quot;2.1.0&quot; is already installed and default" classname="Scenario: Use the default candidate version while Offline" time="0.0"/>
  <testcase name="And the candidate &quot;grails&quot; version &quot;1.3.9&quot; is already installed but not default" classname="Scenario: Use the default candidate version while Offline" time="0.0"/>
  <testcase name="And the system is bootstrapped" classname="Scenario: Use the default candidate version while Offline" time="0.0"/>
  <testcase name="When I enter &quot;sdk use grails&quot;" classname="Scenario: Use the default candidate version while Offline" time="0.0"/>
  <testcase name="Then I see &quot;Using grails version 2.1.0 in this shell.&quot;" classname="Scenario: Use the default candidate version while Offline" time="0.0"/>
  <testcase name="classMethod" classname="Scenario: Use the default candidate version while Offline" time="0.209"/>
  <system-out><![CDATA[
  Scenario: List candidate versions not found while Offline           ?[90m# offline_mode.feature:18?[0m
    ?[32mGiven ?[0m?[32mthe system is bootstrapped?[0m                                  ?[90m# initialisation_steps.groovy:115?[0m
    ?[32mWhen ?[0m?[32mI enter "?[0m?[32m?[1msdk list grails?[0m?[32m"?[0m                                    ?[90m# command_line_interop_steps.groovy:5?[0m
    ?[32mThen ?[0m?[32mI see "?[0m?[32m?[1mOffline Mode: only showing installed grails versions?[0m?[32m"?[0m ?[90m# command_line_interop_steps.groovy:15?[0m
    ?[32mAnd ?[0m?[32mI see "?[0m?[32m?[1mNone installed!?[0m?[32m"?[0m                                       ?[90m# command_line_interop_steps.groovy:15?[0m
]]></system-out>
  <system-err><![CDATA[]]></system-err>
</testsuite>
