<?xml version="1.0" encoding="UTF-8"?>
<testsuite name="Scenario: Attempt installing a local development version that already exists" tests="9" skipped="0" failures="0" errors="0" timestamp="2015-10-25T04:18:39" hostname="schrodinger" time="0.21">
  <properties/>
  <testcase name="Given the internet is reachable" classname="Scenario: Attempt installing a local development version that already exists" time="0.0"/>
  <testcase name="And an initialised environment" classname="Scenario: Attempt installing a local development version that already exists" time="0.0"/>
  <testcase name="Given the candidate &quot;groovy&quot; version &quot;2.1-SNAPSHOT&quot; is not available for download" classname="Scenario: Attempt installing a local development version that already exists" time="0.0"/>
  <testcase name="And the candidate &quot;groovy&quot; version &quot;2.1-SNAPSHOT&quot; is already linked to &quot;/tmp/groovy-core&quot;" classname="Scenario: Attempt installing a local development version that already exists" time="0.001"/>
  <testcase name="And the system is bootstrapped" classname="Scenario: Attempt installing a local development version that already exists" time="0.0"/>
  <testcase name="When I enter &quot;sdk install groovy 2.1-SNAPSHOT /tmp/groovy-core&quot;" classname="Scenario: Attempt installing a local development version that already exists" time="0.001"/>
  <testcase name="Then I see &quot;Stop! groovy 2.1-SNAPSHOT is already installed.&quot;" classname="Scenario: Attempt installing a local development version that already exists" time="0.0"/>
  <testcase name="And the candidate &quot;groovy&quot; version &quot;2.1-SNAPSHOT&quot; is linked to &quot;/tmp/groovy-core&quot;" classname="Scenario: Attempt installing a local development version that already exists" time="0.0"/>
  <testcase name="classMethod" classname="Scenario: Attempt installing a local development version that already exists" time="0.227"/>
  <system-out><![CDATA[
  Scenario: Install a new local development version                                    ?[90m# local_developement_versions.feature:7?[0m
    ?[32mGiven ?[0m?[32mthe candidate "?[0m?[32m?[1mgroovy?[0m?[32m" version "?[0m?[32m?[1m2.1-SNAPSHOT?[0m?[32m" is not available for download?[0m  ?[90m# stub_steps.groovy:22?[0m
    ?[32mAnd ?[0m?[32mI have a local candidate "?[0m?[32m?[1mgroovy?[0m?[32m" version "?[0m?[32m?[1m2.1-SNAPSHOT?[0m?[32m" at "?[0m?[32m?[1m/tmp/groovy-core?[0m?[32m"?[0m ?[90m# installation_steps.groovy:50?[0m
    ?[32mAnd ?[0m?[32mthe system is bootstrapped?[0m                                                     ?[90m# initialisation_steps.groovy:115?[0m
    ?[32mWhen ?[0m?[32mI enter "?[0m?[32m?[1msdk install groovy 2.1-SNAPSHOT /tmp/groovy-core?[0m?[32m"?[0m                    ?[90m# command_line_interop_steps.groovy:5?[0m
    ?[32mThen ?[0m?[32mI see "?[0m?[32m?[1mLinking groovy 2.1-SNAPSHOT to /tmp/groovy-core?[0m?[32m"?[0m                       ?[90m# command_line_interop_steps.groovy:15?[0m
    ?[32mAnd ?[0m?[32mthe candidate "?[0m?[32m?[1mgroovy?[0m?[32m" version "?[0m?[32m?[1m2.1-SNAPSHOT?[0m?[32m" is linked to "?[0m?[32m?[1m/tmp/groovy-core?[0m?[32m"?[0m  ?[90m# installation_steps.groovy:54?[0m
]]></system-out>
  <system-err><![CDATA[]]></system-err>
</testsuite>
