<?xml version="1.0" encoding="UTF-8"?>
<testsuite name="Scenario: Shortcut for uninstalling a Candidate Version" tests="8" skipped="0" failures="0" errors="0" timestamp="2015-10-25T04:18:42" hostname="schrodinger" time="0.207">
  <properties/>
  <testcase name="Given the internet is reachable" classname="Scenario: Shortcut for uninstalling a Candidate Version" time="0.0"/>
  <testcase name="And an initialised environment" classname="Scenario: Shortcut for uninstalling a Candidate Version" time="0.0"/>
  <testcase name="Given the candidate &quot;groovy&quot; version &quot;2.0.5&quot; is already installed and default" classname="Scenario: Shortcut for uninstalling a Candidate Version" time="0.0"/>
  <testcase name="And the system is bootstrapped" classname="Scenario: Shortcut for uninstalling a Candidate Version" time="0.0"/>
  <testcase name="When I enter &quot;sdk rm groovy 2.0.5&quot;" classname="Scenario: Shortcut for uninstalling a Candidate Version" time="0.0"/>
  <testcase name="Then I see &quot;Uninstalling groovy 2.0.5&quot;" classname="Scenario: Shortcut for uninstalling a Candidate Version" time="0.0"/>
  <testcase name="And the candidate &quot;groovy&quot; version &quot;2.0.5&quot; is not installed" classname="Scenario: Shortcut for uninstalling a Candidate Version" time="0.0"/>
  <testcase name="classMethod" classname="Scenario: Shortcut for uninstalling a Candidate Version" time="0.223"/>
  <system-out><![CDATA[
  Scenario: Shortcut for installing a Candidate Version                  ?[90m# mnemonics.feature:60?[0m
    ?[32mGiven ?[0m?[32mthe candidate "?[0m?[32m?[1mgrails?[0m?[32m" version "?[0m?[32m?[1m2.1.0?[0m?[32m" is not installed?[0m        ?[90m# installation_steps.groovy:16?[0m
    ?[32mAnd ?[0m?[32mthe candidate "?[0m?[32m?[1mgrails?[0m?[32m" version "?[0m?[32m?[1m2.1.0?[0m?[32m" is available for download?[0m ?[90m# stub_steps.groovy:17?[0m
    ?[32mAnd ?[0m?[32mthe system is bootstrapped?[0m                                       ?[90m# initialisation_steps.groovy:115?[0m
    ?[32mWhen ?[0m?[32mI enter "?[0m?[32m?[1msdk i grails 2.1.0?[0m?[32m" and answer "?[0m?[32m?[1mY?[0m?[32m"?[0m                     ?[90m# command_line_interop_steps.groovy:10?[0m
    ?[32mThen ?[0m?[32mI see "?[0m?[32m?[1mInstalling: grails 2.1.0?[0m?[32m"?[0m                                ?[90m# command_line_interop_steps.groovy:15?[0m
    ?[32mAnd ?[0m?[32mthe candidate "?[0m?[32m?[1mgrails?[0m?[32m" version "?[0m?[32m?[1m2.1.0?[0m?[32m" is installed?[0m              ?[90m# installation_steps.groovy:10?[0m
]]></system-out>
  <system-err><![CDATA[]]></system-err>
</testsuite>
