<?xml version="1.0" encoding="UTF-8"?>
<testsuite name="Scenario: Display current candidate version in use" tests="7" skipped="0" failures="0" errors="0" timestamp="2015-10-25T04:18:28" hostname="schrodinger" time="0.219">
  <properties/>
  <testcase name="Given the internet is reachable" classname="Scenario: Display current candidate version in use" time="0.0"/>
  <testcase name="And an initialised environment" classname="Scenario: Display current candidate version in use" time="0.0"/>
  <testcase name="Given the candidate &quot;grails&quot; version &quot;1.3.9&quot; is already installed and default" classname="Scenario: Display current candidate version in use" time="0.0"/>
  <testcase name="And the system is bootstrapped" classname="Scenario: Display current candidate version in use" time="0.0"/>
  <testcase name="When I enter &quot;sdk current grails&quot;" classname="Scenario: Display current candidate version in use" time="0.0"/>
  <testcase name="Then I see &quot;Using grails version 1.3.9&quot;" classname="Scenario: Display current candidate version in use" time="0.0"/>
  <testcase name="classMethod" classname="Scenario: Display current candidate version in use" time="0.245"/>
  <system-out><![CDATA[]]></system-out>
  <system-err><![CDATA[]]></system-err>
</testsuite>
