<?xml version="1.0" encoding="UTF-8"?>
<testsuite name="Scenario: Install multiple candidate versions and see it once on the PATH" tests="10" skipped="0" failures="0" errors="0" timestamp="2015-10-25T04:18:51" hostname="schrodinger" time="0.434">
  <properties/>
  <testcase name="Given the internet is reachable" classname="Scenario: Install multiple candidate versions and see it once on the PATH" time="0.0"/>
  <testcase name="And an initialised environment" classname="Scenario: Install multiple candidate versions and see it once on the PATH" time="0.0"/>
  <testcase name="Given the candidate &quot;grails&quot; version &quot;1.3.9&quot; is available for download" classname="Scenario: Install multiple candidate versions and see it once on the PATH" time="0.0"/>
  <testcase name="And the candidate &quot;grails&quot; version &quot;2.1.0&quot; is available for download" classname="Scenario: Install multiple candidate versions and see it once on the PATH" time="0.0"/>
  <testcase name="And the system is bootstrapped" classname="Scenario: Install multiple candidate versions and see it once on the PATH" time="0.0"/>
  <testcase name="And I enter &quot;sdk install grails 1.3.9&quot; and answer &quot;Y&quot;" classname="Scenario: Install multiple candidate versions and see it once on the PATH" time="0.0"/>
  <testcase name="And I enter &quot;sdk install grails 2.1.0&quot; and answer &quot;Y&quot;" classname="Scenario: Install multiple candidate versions and see it once on the PATH" time="0.0"/>
  <testcase name="When I enter &quot;echo $PATH&quot;" classname="Scenario: Install multiple candidate versions and see it once on the PATH" time="0.0"/>
  <testcase name="Then I see a single occurrence of &quot;grails&quot;" classname="Scenario: Install multiple candidate versions and see it once on the PATH" time="0.0"/>
  <testcase name="classMethod" classname="Scenario: Install multiple candidate versions and see it once on the PATH" time="0.451"/>
  <system-out><![CDATA[
  Scenario: Install a candidate and see it on the PATH                   ?[90m# path_initialisation.feature:25?[0m
    ?[32mAnd ?[0m?[32mthe candidate "?[0m?[32m?[1mgrails?[0m?[32m" version "?[0m?[32m?[1m2.1.0?[0m?[32m" is available for download?[0m ?[90m# stub_steps.groovy:17?[0m
    ?[32mAnd ?[0m?[32mthe system is bootstrapped?[0m                                       ?[90m# initialisation_steps.groovy:115?[0m
    ?[32mAnd ?[0m?[32mI enter "?[0m?[32m?[1msdk install grails 2.1.0?[0m?[32m" and answer "?[0m?[32m?[1mY?[0m?[32m"?[0m                ?[90m# command_line_interop_steps.groovy:10?[0m
    ?[32mWhen ?[0m?[32mI enter "?[0m?[32m?[1mecho $PATH?[0m?[32m"?[0m                                            ?[90m# command_line_interop_steps.groovy:5?[0m
    ?[32mThen ?[0m?[32mI see a single occurrence of "?[0m?[32m?[1mgrails?[0m?[32m"?[0m                           ?[90m# command_line_interop_steps.groovy:31?[0m
]]></system-out>
  <system-err><![CDATA[]]></system-err>
</testsuite>
