<?xml version="1.0" encoding="UTF-8"?>
<testsuite name="Scenario: Enter an invalid Candidate" tests="6" skipped="0" failures="0" errors="0" timestamp="2015-10-25T04:18:28" hostname="schrodinger" time="0.213">
  <properties/>
  <testcase name="Given the internet is reachable" classname="Scenario: Enter an invalid Candidate" time="0.0"/>
  <testcase name="And an initialised environment" classname="Scenario: Enter an invalid Candidate" time="0.0"/>
  <testcase name="And the system is bootstrapped" classname="Scenario: Enter an invalid Candidate" time="0.0"/>
  <testcase name="When I enter &quot;sdk install groffle&quot;" classname="Scenario: Enter an invalid Candidate" time="0.001"/>
  <testcase name="Then I see &quot;Stop! groffle is not a valid candidate.&quot;" classname="Scenario: Enter an invalid Candidate" time="0.0"/>
  <testcase name="classMethod" classname="Scenario: Enter an invalid Candidate" time="0.246"/>
  <system-out><![CDATA[
  Scenario: Enter an invalid Command                       ?[90m# command_line_interop.feature:17?[0m
    ?[32mWhen ?[0m?[32mI enter "?[0m?[32m?[1msdk goopoo grails?[0m?[32m"?[0m                       ?[90m# command_line_interop_steps.groovy:5?[0m
    ?[32mThen ?[0m?[32mI see "?[0m?[32m?[1mInvalid command: goopoo?[0m?[32m"?[0m                   ?[90m# command_line_interop_steps.groovy:15?[0m
    ?[32mAnd ?[0m?[32mI see "?[0m?[32m?[1mUsage: sdk <command> [candidate] [version]?[0m?[32m"?[0m ?[90m# command_line_interop_steps.groovy:15?[0m
]]></system-out>
  <system-err><![CDATA[]]></system-err>
</testsuite>
